<?xml version="1.0" encoding="UTF-8"?>
<!-- Generated by org.testng.reporters.JUnitReportReporter -->
<testsuite hostname="fv-az622-69" failures="0" tests="2" name="runners.CucumberRunnerTest" time="0.076" errors="0" timestamp="2023-01-10T06:19:30 UTC" skipped="0">
  <testcase classname="runners.CucumberRunnerTest" name="runScenario" time="0.064"/>
  <system-out/>
  <testcase classname="runners.CucumberRunnerTest" name="runScenario" time="0.012"/>
  <system-out/>
</testsuite> <!-- runners.CucumberRunnerTest -->
