<?xml version="1.0" encoding="UTF-8"?>
<!-- Generated by org.testng.reporters.JUnitReportReporter -->
<testsuite hostname="fv-az306-820" failures="0" tests="2" name="runners.CucumberRunnerTest" time="0.067" errors="0" timestamp="2023-01-10T06:26:22 UTC" skipped="0">
  <testcase classname="runners.CucumberRunnerTest" name="runScenario" time="0.012"/>
  <system-out/>
  <testcase classname="runners.CucumberRunnerTest" name="runScenario" time="0.055"/>
  <system-out/>
</testsuite> <!-- runners.CucumberRunnerTest -->
