<?xml version="1.0" encoding="UTF-8"?>
<!-- Generated by org.testng.reporters.JUnitReportReporter -->
<testsuite hostname="fv-az577-780" failures="0" tests="2" name="runners.CucumberRunnerTest" time="0.294" errors="0" timestamp="2023-02-13T14:13:13 UTC" skipped="0">
  <testcase classname="runners.CucumberRunnerTest" name="runScenario" time="0.273"/>
  <system-out/>
  <testcase classname="runners.CucumberRunnerTest" name="runScenario" time="0.021"/>
  <system-out/>
</testsuite> <!-- runners.CucumberRunnerTest -->
