<?xml version="1.0" encoding="UTF-8"?>
<!-- Generated by org.testng.reporters.JUnitReportReporter -->
<testsuite hostname="fv-az470-814" failures="0" tests="2" name="runners.CucumberRunnerTest" time="0.243" errors="0" timestamp="2023-02-13T08:05:32 UTC" skipped="0">
  <testcase classname="runners.CucumberRunnerTest" name="runScenario" time="0.224"/>
  <system-out/>
  <testcase classname="runners.CucumberRunnerTest" name="runScenario" time="0.019"/>
  <system-out/>
</testsuite> <!-- runners.CucumberRunnerTest -->
