<?xml version="1.0" encoding="UTF-8"?>
<!-- Generated by org.testng.reporters.JUnitReportReporter -->
<testsuite hostname="fv-az206-265" failures="0" tests="2" name="runners.CucumberRunnerTest" time="0.088" errors="0" timestamp="2023-02-09T08:07:12 UTC" skipped="0">
  <testcase classname="runners.CucumberRunnerTest" name="runScenario" time="0.074"/>
  <system-out/>
  <testcase classname="runners.CucumberRunnerTest" name="runScenario" time="0.014"/>
  <system-out/>
</testsuite> <!-- runners.CucumberRunnerTest -->
