<?xml version="1.0" encoding="UTF-8"?>
<!-- Generated by org.testng.reporters.JUnitReportReporter -->
<testsuite hostname="fv-az573-562" failures="0" tests="2" name="runners.CucumberRunnerTest" time="0.295" errors="0" timestamp="2023-02-13T14:08:27 UTC" skipped="0">
  <testcase classname="runners.CucumberRunnerTest" name="runScenario" time="0.284"/>
  <system-out/>
  <testcase classname="runners.CucumberRunnerTest" name="runScenario" time="0.011"/>
  <system-out/>
</testsuite> <!-- runners.CucumberRunnerTest -->
